# JRE version: OpenJDK Runtime Environment Temurin-17.0.7+7 (17.0.7+7) (build 17.0.7+7)
# Java VM: OpenJDK 64-Bit Server VM Temurin-17.0.7+7 (17.0.7+7, mixed mode, tiered, compressed oops, compressed class ptrs, parallel gc, windows-amd64)
GC Precious Log:
 CPUs: 8 total, 8 available
 Memory: 16365M
 Large Page Support: Disabled
 NUMA Support: Disabled
 Compressed Oops: Enabled (32-bit)
 Alignments: Space 512K, Generation 512K, Heap 2M
 Heap Min Capacity: 100M
 Heap Initial Capacity: 100M
 Heap Max Capacity: 1G
 Pre-touch: Disabled
 Parallel Workers: 8
Heap:
 PSYoungGen      total 21504K, used 4375K [0x00000000eab00000, 0x00000000ec400000, 0x0000000100000000)
  eden space 17920K, 5% used [0x00000000eab00000,0x00000000eabf1ce8,0x00000000ebc80000)
  from space 3584K, 95% used [0x00000000ec080000,0x00000000ec3d41a8,0x00000000ec400000)
  to   space 3584K, 0% used [0x00000000ebd00000,0x00000000ebd00000,0x00000000ec080000)
 ParOldGen       total 68608K, used 48378K [0x00000000c0000000, 0x00000000c4300000, 0x00000000eab00000)
  object space 68608K, 70% used [0x00000000c0000000,0x00000000c2f3e868,0x00000000c4300000)
 Metaspace       used 55625K, committed 56448K, reserved 1114112K
  class space    used 5995K, committed 6336K, reserved 1048576K
GC Heap History (20 events):
Event: 25.934 GC heap before
{Heap before GC invocations=24 (full 2):
 PSYoungGen      total 22016K, used 21984K [0x00000000eab00000, 0x00000000ec780000, 0x0000000100000000)
  eden space 19968K, 100% used [0x00000000eab00000,0x00000000ebe80000,0x00000000ebe80000)
  from space 2048K, 98% used [0x00000000ebf00000,0x00000000ec0f8010,0x00000000ec100000)
  to   space 4608K, 0% used [0x00000000ec300000,0x00000000ec300000,0x00000000ec780000)
 ParOldGen       total 68608K, used 28331K [0x00000000c0000000, 0x00000000c4300000, 0x00000000eab00000)
  object space 68608K, 41% used [0x00000000c0000000,0x00000000c1baae00,0x00000000c4300000)
 Metaspace       used 49693K, committed 50368K, reserved 1114112K
  class space    used 5410K, committed 5696K, reserved 1048576K
}
Event: 25.942 GC heap after
{Heap after GC invocations=24 (full 2):
 PSYoungGen      total 22528K, used 2176K [0x00000000eab00000, 0x00000000ec580000, 0x0000000100000000)
  eden space 19968K, 0% used [0x00000000eab00000,0x00000000eab00000,0x00000000ebe80000)
  from space 2560K, 85% used [0x00000000ec300000,0x00000000ec520000,0x00000000ec580000)
  to   space 3072K, 0% used [0x00000000ebf80000,0x00000000ebf80000,0x00000000ec280000)
 ParOldGen       total 68608K, used 30335K [0x00000000c0000000, 0x00000000c4300000, 0x00000000eab00000)
  object space 68608K, 44% used [0x00000000c0000000,0x00000000c1d9fc20,0x00000000c4300000)
 Metaspace       used 49693K, committed 50368K, reserved 1114112K
  class space    used 5410K, committed 5696K, reserved 1048576K
}
Event: 26.020 GC heap before
{Heap before GC invocations=25 (full 2):
 PSYoungGen      total 22528K, used 22144K [0x00000000eab00000, 0x00000000ec580000, 0x0000000100000000)
  eden space 19968K, 100% used [0x00000000eab00000,0x00000000ebe80000,0x00000000ebe80000)
  from space 2560K, 85% used [0x00000000ec300000,0x00000000ec520000,0x00000000ec580000)
  to   space 3072K, 0% used [0x00000000ebf80000,0x00000000ebf80000,0x00000000ec280000)
 ParOldGen       total 68608K, used 30335K [0x00000000c0000000, 0x00000000c4300000, 0x00000000eab00000)
  object space 68608K, 44% used [0x00000000c0000000,0x00000000c1d9fc20,0x00000000c4300000)
 Metaspace       used 49693K, committed 50368K, reserved 1114112K
  class space    used 5410K, committed 5696K, reserved 1048576K
}
Event: 26.026 GC heap after
{Heap after GC invocations=25 (full 2):
 PSYoungGen      total 22528K, used 2496K [0x00000000eab00000, 0x00000000ec480000, 0x0000000100000000)
  eden space 19968K, 0% used [0x00000000eab00000,0x00000000eab00000,0x00000000ebe80000)
  from space 2560K, 97% used [0x00000000ebf80000,0x00000000ec1f0010,0x00000000ec200000)
  to   space 2560K, 0% used [0x00000000ec200000,0x00000000ec200000,0x00000000ec480000)
 ParOldGen       total 68608K, used 32391K [0x00000000c0000000, 0x00000000c4300000, 0x00000000eab00000)
  object space 68608K, 47% used [0x00000000c0000000,0x00000000c1fa1c20,0x00000000c4300000)
 Metaspace       used 49693K, committed 50368K, reserved 1114112K
  class space    used 5410K, committed 5696K, reserved 1048576K
}
Event: 26.211 GC heap before
{Heap before GC invocations=26 (full 2):
 PSYoungGen      total 22528K, used 22464K [0x00000000eab00000, 0x00000000ec480000, 0x0000000100000000)
  eden space 19968K, 100% used [0x00000000eab00000,0x00000000ebe80000,0x00000000ebe80000)
  from space 2560K, 97% used [0x00000000ebf80000,0x00000000ec1f0010,0x00000000ec200000)
  to   space 2560K, 0% used [0x00000000ec200000,0x00000000ec200000,0x00000000ec480000)
 ParOldGen       total 68608K, used 32391K [0x00000000c0000000, 0x00000000c4300000, 0x00000000eab00000)
  object space 68608K, 47% used [0x00000000c0000000,0x00000000c1fa1c20,0x00000000c4300000)
 Metaspace       used 50213K, committed 50944K, reserved 1114112K
  class space    used 5442K, committed 5760K, reserved 1048576K
}
Event: 26.216 GC heap after
{Heap after GC invocations=26 (full 2):
 PSYoungGen      total 20480K, used 2530K [0x00000000eab00000, 0x00000000ec980000, 0x0000000100000000)
  eden space 17920K, 0% used [0x00000000eab00000,0x00000000eab00000,0x00000000ebc80000)
  from space 2560K, 98% used [0x00000000ec200000,0x00000000ec478ad8,0x00000000ec480000)
  to   space 5632K, 0% used [0x00000000ebc80000,0x00000000ebc80000,0x00000000ec200000)
 ParOldGen       total 68608K, used 34783K [0x00000000c0000000, 0x00000000c4300000, 0x00000000eab00000)
  object space 68608K, 50% used [0x00000000c0000000,0x00000000c21f7c30,0x00000000c4300000)
 Metaspace       used 50213K, committed 50944K, reserved 1114112K
  class space    used 5442K, committed 5760K, reserved 1048576K
}
Event: 26.755 GC heap before
{Heap before GC invocations=27 (full 2):
 PSYoungGen      total 20480K, used 20450K [0x00000000eab00000, 0x00000000ec980000, 0x0000000100000000)
  eden space 17920K, 100% used [0x00000000eab00000,0x00000000ebc80000,0x00000000ebc80000)
  from space 2560K, 98% used [0x00000000ec200000,0x00000000ec478ad8,0x00000000ec480000)
  to   space 5632K, 0% used [0x00000000ebc80000,0x00000000ebc80000,0x00000000ec200000)
 ParOldGen       total 68608K, used 34783K [0x00000000c0000000, 0x00000000c4300000, 0x00000000eab00000)
  object space 68608K, 50% used [0x00000000c0000000,0x00000000c21f7c30,0x00000000c4300000)
 Metaspace       used 52291K, committed 53056K, reserved 1114112K
  class space    used 5691K, committed 6016K, reserved 1048576K
}
Event: 26.760 GC heap after
{Heap after GC invocations=27 (full 2):
 PSYoungGen      total 18944K, used 872K [0x00000000eab00000, 0x00000000ec280000, 0x0000000100000000)
  eden space 17920K, 0% used [0x00000000eab00000,0x00000000eab00000,0x00000000ebc80000)
  from space 1024K, 85% used [0x00000000ebc80000,0x00000000ebd5a128,0x00000000ebd80000)
  to   space 2560K, 0% used [0x00000000ec000000,0x00000000ec000000,0x00000000ec280000)
 ParOldGen       total 68608K, used 37209K [0x00000000c0000000, 0x00000000c4300000, 0x00000000eab00000)
  object space 68608K, 54% used [0x00000000c0000000,0x00000000c2456790,0x00000000c4300000)
 Metaspace       used 52291K, committed 53056K, reserved 1114112K
  class space    used 5691K, committed 6016K, reserved 1048576K
}
Event: 27.192 GC heap before
{Heap before GC invocations=28 (full 2):
 PSYoungGen      total 18944K, used 18792K [0x00000000eab00000, 0x00000000ec280000, 0x0000000100000000)
  eden space 17920K, 100% used [0x00000000eab00000,0x00000000ebc80000,0x00000000ebc80000)
  from space 1024K, 85% used [0x00000000ebc80000,0x00000000ebd5a128,0x00000000ebd80000)
  to   space 2560K, 0% used [0x00000000ec000000,0x00000000ec000000,0x00000000ec280000)
 ParOldGen       total 68608K, used 37209K [0x00000000c0000000, 0x00000000c4300000, 0x00000000eab00000)
  object space 68608K, 54% used [0x00000000c0000000,0x00000000c2456790,0x00000000c4300000)
 Metaspace       used 53309K, committed 54144K, reserved 1114112K
  class space    used 5792K, committed 6144K, reserved 1048576K
}
Event: 27.195 GC heap after
{Heap after GC invocations=28 (full 2):
 PSYoungGen      total 19456K, used 1381K [0x00000000eab00000, 0x00000000ec180000, 0x0000000100000000)
  eden space 17920K, 0% used [0x00000000eab00000,0x00000000eab00000,0x00000000ebc80000)
  from space 1536K, 89% used [0x00000000ec000000,0x00000000ec159490,0x00000000ec180000)
  to   space 1536K, 0% used [0x00000000ebe80000,0x00000000ebe80000,0x00000000ec000000)
 ParOldGen       total 68608K, used 37935K [0x00000000c0000000, 0x00000000c4300000, 0x00000000eab00000)
  object space 68608K, 55% used [0x00000000c0000000,0x00000000c250bd00,0x00000000c4300000)
 Metaspace       used 53309K, committed 54144K, reserved 1114112K
  class space    used 5792K, committed 6144K, reserved 1048576K
}
Event: 27.427 GC heap before
{Heap before GC invocations=29 (full 2):
 PSYoungGen      total 19456K, used 19301K [0x00000000eab00000, 0x00000000ec180000, 0x0000000100000000)
  eden space 17920K, 100% used [0x00000000eab00000,0x00000000ebc80000,0x00000000ebc80000)
  from space 1536K, 89% used [0x00000000ec000000,0x00000000ec159490,0x00000000ec180000)
  to   space 1536K, 0% used [0x00000000ebe80000,0x00000000ebe80000,0x00000000ec000000)
 ParOldGen       total 68608K, used 37935K [0x00000000c0000000, 0x00000000c4300000, 0x00000000eab00000)
  object space 68608K, 55% used [0x00000000c0000000,0x00000000c250bd00,0x00000000c4300000)
 Metaspace       used 53941K, committed 54656K, reserved 1114112K
  class space    used 5850K, committed 6144K, reserved 1048576K
}
Event: 27.429 GC heap after
{Heap after GC invocations=29 (full 2):
 PSYoungGen      total 19456K, used 1535K [0x00000000eab00000, 0x00000000ec480000, 0x0000000100000000)
  eden space 17920K, 0% used [0x00000000eab00000,0x00000000eab00000,0x00000000ebc80000)
  from space 1536K, 99% used [0x00000000ebe80000,0x00000000ebfffd38,0x00000000ec000000)
  to   space 4096K, 0% used [0x00000000ec080000,0x00000000ec080000,0x00000000ec480000)
 ParOldGen       total 68608K, used 39707K [0x00000000c0000000, 0x00000000c4300000, 0x00000000eab00000)
  object space 68608K, 57% used [0x00000000c0000000,0x00000000c26c6db8,0x00000000c4300000)
 Metaspace       used 53941K, committed 54656K, reserved 1114112K
  class space    used 5850K, committed 6144K, reserved 1048576K
}
Event: 27.532 GC heap before
{Heap before GC invocations=30 (full 2):
 PSYoungGen      total 19456K, used 19455K [0x00000000eab00000, 0x00000000ec480000, 0x0000000100000000)
  eden space 17920K, 100% used [0x00000000eab00000,0x00000000ebc80000,0x00000000ebc80000)
  from space 1536K, 99% used [0x00000000ebe80000,0x00000000ebfffd38,0x00000000ec000000)
  to   space 4096K, 0% used [0x00000000ec080000,0x00000000ec080000,0x00000000ec480000)
 ParOldGen       total 68608K, used 39707K [0x00000000c0000000, 0x00000000c4300000, 0x00000000eab00000)
  object space 68608K, 57% used [0x00000000c0000000,0x00000000c26c6db8,0x00000000c4300000)
 Metaspace       used 54228K, committed 55040K, reserved 1114112K
  class space    used 5871K, committed 6208K, reserved 1048576K
}
Event: 27.535 GC heap after
{Heap after GC invocations=30 (full 2):
 PSYoungGen      total 20992K, used 2964K [0x00000000eab00000, 0x00000000ec380000, 0x0000000100000000)
  eden space 17920K, 0% used [0x00000000eab00000,0x00000000eab00000,0x00000000ebc80000)
  from space 3072K, 96% used [0x00000000ec080000,0x00000000ec3651a8,0x00000000ec380000)
  to   space 3584K, 0% used [0x00000000ebc80000,0x00000000ebc80000,0x00000000ec000000)
 ParOldGen       total 68608K, used 41198K [0x00000000c0000000, 0x00000000c4300000, 0x00000000eab00000)
  object space 68608K, 60% used [0x00000000c0000000,0x00000000c283b870,0x00000000c4300000)
 Metaspace       used 54228K, committed 55040K, reserved 1114112K
  class space    used 5871K, committed 6208K, reserved 1048576K
}
Event: 27.619 GC heap before
{Heap before GC invocations=31 (full 2):
 PSYoungGen      total 20992K, used 20884K [0x00000000eab00000, 0x00000000ec380000, 0x0000000100000000)
  eden space 17920K, 100% used [0x00000000eab00000,0x00000000ebc80000,0x00000000ebc80000)
  from space 3072K, 96% used [0x00000000ec080000,0x00000000ec3651a8,0x00000000ec380000)
  to   space 3584K, 0% used [0x00000000ebc80000,0x00000000ebc80000,0x00000000ec000000)
 ParOldGen       total 68608K, used 41198K [0x00000000c0000000, 0x00000000c4300000, 0x00000000eab00000)
  object space 68608K, 60% used [0x00000000c0000000,0x00000000c283b870,0x00000000c4300000)
 Metaspace       used 54261K, committed 55104K, reserved 1114112K
  class space    used 5871K, committed 6208K, reserved 1048576K
}
Event: 27.623 GC heap after
{Heap after GC invocations=31 (full 2):
 PSYoungGen      total 19968K, used 1875K [0x00000000eab00000, 0x00000000ec180000, 0x0000000100000000)
  eden space 17920K, 0% used [0x00000000eab00000,0x00000000eab00000,0x00000000ebc80000)
  from space 2048K, 91% used [0x00000000ebc80000,0x00000000ebe54c78,0x00000000ebe80000)
  to   space 2560K, 0% used [0x00000000ebf00000,0x00000000ebf00000,0x00000000ec180000)
 ParOldGen       total 68608K, used 43328K [0x00000000c0000000, 0x00000000c4300000, 0x00000000eab00000)
  object space 68608K, 63% used [0x00000000c0000000,0x00000000c2a50368,0x00000000c4300000)
 Metaspace       used 54261K, committed 55104K, reserved 1114112K
  class space    used 5871K, committed 6208K, reserved 1048576K
}
Event: 27.681 GC heap before
{Heap before GC invocations=32 (full 2):
 PSYoungGen      total 19968K, used 19795K [0x00000000eab00000, 0x00000000ec180000, 0x0000000100000000)
  eden space 17920K, 100% used [0x00000000eab00000,0x00000000ebc80000,0x00000000ebc80000)
  from space 2048K, 91% used [0x00000000ebc80000,0x00000000ebe54c78,0x00000000ebe80000)
  to   space 2560K, 0% used [0x00000000ebf00000,0x00000000ebf00000,0x00000000ec180000)
 ParOldGen       total 68608K, used 43328K [0x00000000c0000000, 0x00000000c4300000, 0x00000000eab00000)
  object space 68608K, 63% used [0x00000000c0000000,0x00000000c2a50368,0x00000000c4300000)
 Metaspace       used 54446K, committed 55296K, reserved 1114112K
  class space    used 5875K, committed 6208K, reserved 1048576K
}
Event: 27.683 GC heap after
{Heap after GC invocations=32 (full 2):
 PSYoungGen      total 19456K, used 1303K [0x00000000eab00000, 0x00000000ec080000, 0x0000000100000000)
  eden space 17920K, 0% used [0x00000000eab00000,0x00000000eab00000,0x00000000ebc80000)
  from space 1536K, 84% used [0x00000000ebf00000,0x00000000ec045cb0,0x00000000ec080000)
  to   space 2048K, 0% used [0x00000000ebc80000,0x00000000ebc80000,0x00000000ebe80000)
 ParOldGen       total 68608K, used 44732K [0x00000000c0000000, 0x00000000c4300000, 0x00000000eab00000)
  object space 68608K, 65% used [0x00000000c0000000,0x00000000c2baf300,0x00000000c4300000)
 Metaspace       used 54446K, committed 55296K, reserved 1114112K
  class space    used 5875K, committed 6208K, reserved 1048576K
}
Event: 27.813 GC heap before
{Heap before GC invocations=33 (full 2):
 PSYoungGen      total 19456K, used 19223K [0x00000000eab00000, 0x00000000ec080000, 0x0000000100000000)
  eden space 17920K, 100% used [0x00000000eab00000,0x00000000ebc80000,0x00000000ebc80000)
  from space 1536K, 84% used [0x00000000ebf00000,0x00000000ec045cb0,0x00000000ec080000)
  to   space 2048K, 0% used [0x00000000ebc80000,0x00000000ebc80000,0x00000000ebe80000)
 ParOldGen       total 68608K, used 44732K [0x00000000c0000000, 0x00000000c4300000, 0x00000000eab00000)
  object space 68608K, 65% used [0x00000000c0000000,0x00000000c2baf300,0x00000000c4300000)
 Metaspace       used 55377K, committed 56256K, reserved 1114112K
  class space    used 5975K, committed 6336K, reserved 1048576K
}
Event: 27.817 GC heap after
{Heap after GC invocations=33 (full 2):
 PSYoungGen      total 19968K, used 2029K [0x00000000eab00000, 0x00000000ec480000, 0x0000000100000000)
  eden space 17920K, 0% used [0x00000000eab00000,0x00000000eab00000,0x00000000ebc80000)
  from space 2048K, 99% used [0x00000000ebc80000,0x00000000ebe7b738,0x00000000ebe80000)
  to   space 4096K, 0% used [0x00000000ec080000,0x00000000ec080000,0x00000000ec480000)
 ParOldGen       total 68608K, used 46376K [0x00000000c0000000, 0x00000000c4300000, 0x00000000eab00000)
  object space 68608K, 67% used [0x00000000c0000000,0x00000000c2d4a3b0,0x00000000c4300000)
 Metaspace       used 55377K, committed 56256K, reserved 1114112K
  class space    used 5975K, committed 6336K, reserved 1048576K
}

